<?xml version="1.0" encoding="UTF-8"?>
<!-- Generated by org.testng.reporters.JUnitReportReporter -->
<testsuite hostname="LAPTOP-OSC8EHJH" failures="0" tests="3" name="com.test.springbdd.Runner" time="93.355" errors="0" timestamp="11 Dec 2023 05:09:36 GMT" skipped="0">
  <testcase classname="com.test.springbdd.Runner" name="runScenario" time="32.454"/>
  <testcase classname="com.test.springbdd.Runner" name="runScenario" time="29.616"/>
  <testcase classname="com.test.springbdd.Runner" name="runScenario" time="31.285"/>
</testsuite> <!-- com.test.springbdd.Runner -->
