<?xml version="1.0" encoding="UTF-8"?>
<!-- Generated by org.testng.reporters.JUnitReportReporter -->
<testsuite hostname="LAPTOP-OSC8EHJH" failures="0" tests="2" name="com.test.springbdd.CucumberTest" time="46.665" errors="0" timestamp="09 Dec 2023 11:20:35 GMT" skipped="0">
  <testcase classname="com.test.springbdd.CucumberTest" name="runScenario" time="25.613"/>
  <testcase classname="com.test.springbdd.CucumberTest" name="runScenario" time="21.052"/>
</testsuite> <!-- com.test.springbdd.CucumberTest -->
